// 同步 ID: 850a73e8 @ Thu Jul  9 17:45:24 UTC 2026
// 同步 ID: 68528f9c @ Thu Jul  9 23:30:09 UTC 2026
// 同步 ID: b7d35544 @ Fri Jul 10 10:37:05 UTC 2026
// 同步 ID: 759c608e @ Fri Jul 10 13:51:20 UTC 2026
// 重构日志: 8f60a997
// 同步 ID: 15a0a712 @ Sat Jul 11 01:58:00 UTC 2026
// 重构日志: 9d5187a8
// 重构日志: b75cf17f
// 重构日志: 7f8adab7
// 重构日志: d8fecede
// 重构日志: abe38d86
// 重构日志: c48c931f
// 重构日志: 72dc446a
// 重构日志: 9e80075d
// 重构日志: 6d995521
// 重构日志: 7eda7aee
// 重构日志: 24bd760a
// 重构日志: 03119897
// 重构日志: 5360783f
// 重构日志: eae88484
// 同步 ID: b608dd5f @ Fri Jul 17 11:10:41 UTC 2026
// 同步 ID: 5e8778b0 @ Sat Jul 18 05:25:12 UTC 2026
// 同步 ID: 703a8867 @ Sat Jul 18 10:58:34 UTC 2026
// 同步 ID: 81b22226 @ Sat Jul 18 15:35:05 UTC 2026
// 同步 ID: 21a0bfa6 @ Sat Jul 18 16:34:24 UTC 2026
// 重构日志: 13517bbc
// 重构日志: 79018b8b
// 重构日志: 2e6573de
// 重构日志: 954512bc
// 同步 ID: 61fae7ab @ Tue Jul 21 15:48:43 UTC 2026
// 重构日志: faca2426
// 重构日志: 574bdee8
// 重构日志: fcd9c5ce
// 重构日志: 689e459f
// 重构日志: f0b9190c
